<?xml version="1.0" encoding="UTF-8"?>
<testsuite xmlns:xsi="http://www.w3.org/2001/XMLSchema-instance" xsi:noNamespaceSchemaLocation="https://maven.apache.org/surefire/maven-surefire-plugin/xsd/surefire-test-report.xsd" name="com.bytetoxml.AppTest" time="0.012" tests="1" errors="0" skipped="0" failures="0">
  <properties>
    <property name="java.specification.version" value="17"/>
    <property name="sun.jnu.encoding" value="UTF-8"/>
    <property name="java.class.path" value="/home/ev/Downloads/Wireshark-V2G-Decrypt-Decode/StartProcessing/demo/target/test-classes:/home/ev/Downloads/Wireshark-V2G-Decrypt-Decode/StartProcessing/demo/target/classes:/home/ev/.m2/repository/junit/junit/4.11/junit-4.11.jar:/home/ev/.m2/repository/org/hamcrest/hamcrest-core/1.3/hamcrest-core-1.3.jar:/home/ev/.m2/repository/com/siemens/ct/exi/exificient/0.9.6/exificient-0.9.6.jar:/home/ev/.m2/repository/com/siemens/ct/exi/exificient-core/0.9.6/exificient-core-0.9.6.jar:/home/ev/.m2/repository/com/siemens/ct/exi/exificient-grammars/0.9.6/exificient-grammars-0.9.6.jar:/home/ev/.m2/repository/xerces/xercesImpl/2.12.2/xercesImpl-2.12.2.jar:/home/ev/.m2/repository/xml-apis/xml-apis/1.4.01/xml-apis-1.4.01.jar:/home/ev/.m2/repository/org/apache/logging/log4j/log4j-api/2.17.0/log4j-api-2.17.0.jar:/home/ev/.m2/repository/org/apache/logging/log4j/log4j-core/2.17.2/log4j-core-2.17.2.jar:/home/ev/.m2/repository/net/sourceforge/openexi/nagasena/0000.0002.0052.0/nagasena-0000.0002.0052.0.jar:/home/ev/.m2/repository/net/sourceforge/openexi/nagasena-rta/0000.0002.0052.0/nagasena-rta-0000.0002.0052.0.jar:/home/ev/.m2/repository/javax/xml/bind/jaxb-api/2.3.1/jaxb-api-2.3.1.jar:/home/ev/.m2/repository/javax/activation/javax.activation-api/1.2.0/javax.activation-api-1.2.0.jar:/home/ev/.m2/repository/com/sun/xml/bind/jaxb-core/2.3.0.1/jaxb-core-2.3.0.1.jar:/home/ev/.m2/repository/com/sun/xml/bind/jaxb-impl/2.3.1/jaxb-impl-2.3.1.jar:/home/ev/.m2/repository/org/javassist/javassist/3.25.0-GA/javassist-3.25.0-GA.jar:/home/ev/.m2/repository/org/dom4j/dom4j/2.1.3/dom4j-2.1.3.jar:"/>
    <property name="java.vm.vendor" value="Private Build"/>
    <property name="sun.arch.data.model" value="64"/>
    <property name="java.vendor.url" value="Unknown"/>
    <property name="os.name" value="Linux"/>
    <property name="java.vm.specification.version" value="17"/>
    <property name="sun.java.launcher" value="SUN_STANDARD"/>
    <property name="user.country" value="US"/>
    <property name="sun.boot.library.path" value="/usr/lib/jvm/java-17-openjdk-amd64/lib"/>
    <property name="sun.java.command" value="/home/ev/Downloads/Wireshark-V2G-Decrypt-Decode/StartProcessing/demo/target/surefire/surefirebooter13603279528128613800.jar /home/ev/Downloads/Wireshark-V2G-Decrypt-Decode/StartProcessing/demo/target/surefire 2024-01-05T17-43-06_244-jvmRun1 surefire7874266201282735398tmp surefire_08710325141798782387tmp"/>
    <property name="jdk.debug" value="release"/>
    <property name="surefire.test.class.path" value="/home/ev/Downloads/Wireshark-V2G-Decrypt-Decode/StartProcessing/demo/target/test-classes:/home/ev/Downloads/Wireshark-V2G-Decrypt-Decode/StartProcessing/demo/target/classes:/home/ev/.m2/repository/junit/junit/4.11/junit-4.11.jar:/home/ev/.m2/repository/org/hamcrest/hamcrest-core/1.3/hamcrest-core-1.3.jar:/home/ev/.m2/repository/com/siemens/ct/exi/exificient/0.9.6/exificient-0.9.6.jar:/home/ev/.m2/repository/com/siemens/ct/exi/exificient-core/0.9.6/exificient-core-0.9.6.jar:/home/ev/.m2/repository/com/siemens/ct/exi/exificient-grammars/0.9.6/exificient-grammars-0.9.6.jar:/home/ev/.m2/repository/xerces/xercesImpl/2.12.2/xercesImpl-2.12.2.jar:/home/ev/.m2/repository/xml-apis/xml-apis/1.4.01/xml-apis-1.4.01.jar:/home/ev/.m2/repository/org/apache/logging/log4j/log4j-api/2.17.0/log4j-api-2.17.0.jar:/home/ev/.m2/repository/org/apache/logging/log4j/log4j-core/2.17.2/log4j-core-2.17.2.jar:/home/ev/.m2/repository/net/sourceforge/openexi/nagasena/0000.0002.0052.0/nagasena-0000.0002.0052.0.jar:/home/ev/.m2/repository/net/sourceforge/openexi/nagasena-rta/0000.0002.0052.0/nagasena-rta-0000.0002.0052.0.jar:/home/ev/.m2/repository/javax/xml/bind/jaxb-api/2.3.1/jaxb-api-2.3.1.jar:/home/ev/.m2/repository/javax/activation/javax.activation-api/1.2.0/javax.activation-api-1.2.0.jar:/home/ev/.m2/repository/com/sun/xml/bind/jaxb-core/2.3.0.1/jaxb-core-2.3.0.1.jar:/home/ev/.m2/repository/com/sun/xml/bind/jaxb-impl/2.3.1/jaxb-impl-2.3.1.jar:/home/ev/.m2/repository/org/javassist/javassist/3.25.0-GA/javassist-3.25.0-GA.jar:/home/ev/.m2/repository/org/dom4j/dom4j/2.1.3/dom4j-2.1.3.jar:"/>
    <property name="sun.cpu.endian" value="little"/>
    <property name="user.home" value="/home/ev"/>
    <property name="user.language" value="en"/>
    <property name="java.specification.vendor" value="Oracle Corporation"/>
    <property name="java.version.date" value="2023-10-17"/>
    <property name="java.home" value="/usr/lib/jvm/java-17-openjdk-amd64"/>
    <property name="file.separator" value="/"/>
    <property name="basedir" value="/home/ev/Downloads/Wireshark-V2G-Decrypt-Decode/StartProcessing/demo"/>
    <property name="java.vm.compressedOopsMode" value="Zero based"/>
    <property name="line.separator" value="&#10;"/>
    <property name="java.vm.specification.vendor" value="Oracle Corporation"/>
    <property name="java.specification.name" value="Java Platform API Specification"/>
    <property name="surefire.real.class.path" value="/home/ev/Downloads/Wireshark-V2G-Decrypt-Decode/StartProcessing/demo/target/surefire/surefirebooter13603279528128613800.jar"/>
    <property name="sun.management.compiler" value="HotSpot 64-Bit Tiered Compilers"/>
    <property name="java.runtime.version" value="17.0.9+9-Ubuntu-122.04"/>
    <property name="user.name" value="ev"/>
    <property name="path.separator" value=":"/>
    <property name="os.version" value="6.2.0-34-generic"/>
    <property name="java.runtime.name" value="OpenJDK Runtime Environment"/>
    <property name="file.encoding" value="UTF-8"/>
    <property name="java.vm.name" value="OpenJDK 64-Bit Server VM"/>
    <property name="localRepository" value="/home/ev/.m2/repository"/>
    <property name="java.vendor.url.bug" value="Unknown"/>
    <property name="java.io.tmpdir" value="/tmp"/>
    <property name="java.version" value="17.0.9"/>
    <property name="user.dir" value="/home/ev/Downloads/Wireshark-V2G-Decrypt-Decode/StartProcessing/demo"/>
    <property name="os.arch" value="amd64"/>
    <property name="java.vm.specification.name" value="Java Virtual Machine Specification"/>
    <property name="native.encoding" value="UTF-8"/>
    <property name="java.library.path" value="/usr/java/packages/lib:/usr/lib/x86_64-linux-gnu/jni:/lib/x86_64-linux-gnu:/usr/lib/x86_64-linux-gnu:/usr/lib/jni:/lib:/usr/lib"/>
    <property name="java.vm.info" value="mixed mode, sharing"/>
    <property name="java.vendor" value="Private Build"/>
    <property name="java.vm.version" value="17.0.9+9-Ubuntu-122.04"/>
    <property name="sun.io.unicode.encoding" value="UnicodeLittle"/>
    <property name="java.class.version" value="61.0"/>
  </properties>
  <testcase name="shouldAnswerWithTrue" classname="com.bytetoxml.AppTest" time="0"/>
</testsuite>